<?xml version="1.0" encoding="UTF-8"?>
<testng-results ignored="0" total="1" passed="1" failed="0" skipped="0">
  <reporter-output>
  </reporter-output>
  <suite started-at="2024-09-21T17:03:11Z" name="Default suite" finished-at="2024-09-21T17:03:11Z" duration-ms="41">
    <groups>
    </groups>
    <test started-at="2024-09-21T17:03:11Z" name="Default test" finished-at="2024-09-21T17:03:11Z" duration-ms="41">
      <class name="com.testng.PracticeAnnotation">
        <test-method is-config="true" signature="getSelary()[pri:0, instance:com.testng.PracticeAnnotation@72c28d64]" started-at="2024-09-21T17:03:11Z" name="getSelary" finished-at="2024-09-21T17:03:11Z" duration-ms="10" status="PASS">
          <reporter-output>
          </reporter-output>
        </test-method> <!-- getSelary -->
        <test-method is-config="true" signature="getShopping()[pri:0, instance:com.testng.PracticeAnnotation@72c28d64]" started-at="2024-09-21T17:03:11Z" name="getShopping" finished-at="2024-09-21T17:03:11Z" duration-ms="0" status="PASS">
          <reporter-output>
          </reporter-output>
        </test-method> <!-- getShopping -->
        <test-method signature="getCart()[pri:0, instance:com.testng.PracticeAnnotation@72c28d64]" started-at="2024-09-21T17:03:11Z" name="getCart" finished-at="2024-09-21T17:03:11Z" duration-ms="17" status="PASS">
          <reporter-output>
          </reporter-output>
        </test-method> <!-- getCart -->
        <test-method is-config="true" signature="getMoney()[pri:0, instance:com.testng.PracticeAnnotation@72c28d64]" started-at="2024-09-21T17:03:11Z" name="getMoney" finished-at="2024-09-21T17:03:11Z" duration-ms="7" status="PASS">
          <reporter-output>
          </reporter-output>
        </test-method> <!-- getMoney -->
      </class> <!-- com.testng.PracticeAnnotation -->
    </test> <!-- Default test -->
  </suite> <!-- Default suite -->
</testng-results>
