<?xml version="1.0" encoding="UTF-8"?>
<testng-results ignored="0" total="4" passed="4" failed="0" skipped="0">
  <reporter-output>
  </reporter-output>
  <suite started-at="2024-11-01T00:51:05Z" name="Suite" finished-at="2024-11-01T00:51:07Z" duration-ms="2733">
    <groups>
      <group name="cucumber">
        <method signature="AbstractTestNGCucumberTests.runScenario(io.cucumber.testng.PickleWrapper, io.cucumber.testng.FeatureWrapper)[pri:0, instance:com.runner.LoginRunner@6f152006]" name="runScenario" class="io.cucumber.testng.AbstractTestNGCucumberTests"/>
      </group> <!-- cucumber -->
    </groups>
    <test started-at="2024-11-01T00:51:05Z" name="Test" finished-at="2024-11-01T00:51:07Z" duration-ms="2733">
      <class name="com.runner.LoginRunner">
        <test-method is-config="true" signature="setup()[pri:0, instance:com.runner.LoginRunner@6f152006]" started-at="2024-11-01T00:51:05Z" name="setup" finished-at="2024-11-01T00:51:05Z" duration-ms="9" status="PASS">
          <reporter-output>
          </reporter-output>
        </test-method> <!-- setup -->
        <test-method is-config="true" signature="setUpClass()[pri:0, instance:com.runner.LoginRunner@6f152006]" started-at="2024-11-01T00:51:05Z" name="setUpClass" finished-at="2024-11-01T00:51:06Z" duration-ms="805" status="PASS">
          <reporter-output>
          </reporter-output>
        </test-method> <!-- setUpClass -->
        <test-method signature="runScenario(io.cucumber.testng.PickleWrapper, io.cucumber.testng.FeatureWrapper)[pri:0, instance:com.runner.LoginRunner@6f152006]" started-at="2024-11-01T00:51:06Z" name="runScenario" description="Runs Cucumber Scenarios" data-provider="scenarios" finished-at="2024-11-01T00:51:06Z" duration-ms="276" status="PASS">
          <params>
            <param index="0">
              <value>
                <![CDATA["As a user, I want to login in to Automation Exercise with valid credential,"]]>
              </value>
            </param>
            <param index="1">
              <value>
                <![CDATA["Optional[Automation Exercise with login testing]"]]>
              </value>
            </param>
          </params>
          <reporter-output>
          </reporter-output>
        </test-method> <!-- runScenario -->
        <test-method signature="runScenario(io.cucumber.testng.PickleWrapper, io.cucumber.testng.FeatureWrapper)[pri:0, instance:com.runner.LoginRunner@6f152006]" started-at="2024-11-01T00:51:06Z" name="runScenario" description="Runs Cucumber Scenarios" data-provider="scenarios" finished-at="2024-11-01T00:51:06Z" duration-ms="48" status="PASS">
          <params>
            <param index="0">
              <value>
                <![CDATA["As a user, I want to login to Automation Exercise with multiple valid credential,"]]>
              </value>
            </param>
            <param index="1">
              <value>
                <![CDATA["Optional[Automation Exercise with login testing]"]]>
              </value>
            </param>
          </params>
          <reporter-output>
          </reporter-output>
        </test-method> <!-- runScenario -->
        <test-method signature="runScenario(io.cucumber.testng.PickleWrapper, io.cucumber.testng.FeatureWrapper)[pri:0, instance:com.runner.LoginRunner@6f152006]" started-at="2024-11-01T00:51:06Z" name="runScenario" description="Runs Cucumber Scenarios" data-provider="scenarios" finished-at="2024-11-01T00:51:06Z" duration-ms="33" status="PASS">
          <params>
            <param index="0">
              <value>
                <![CDATA["As a user, I want to login to Automation Exercise with multiple valid credential,"]]>
              </value>
            </param>
            <param index="1">
              <value>
                <![CDATA["Optional[Automation Exercise with login testing]"]]>
              </value>
            </param>
          </params>
          <reporter-output>
          </reporter-output>
        </test-method> <!-- runScenario -->
        <test-method signature="runScenario(io.cucumber.testng.PickleWrapper, io.cucumber.testng.FeatureWrapper)[pri:0, instance:com.runner.LoginRunner@6f152006]" started-at="2024-11-01T00:51:06Z" name="runScenario" description="Runs Cucumber Scenarios" data-provider="scenarios" finished-at="2024-11-01T00:51:06Z" duration-ms="41" status="PASS">
          <params>
            <param index="0">
              <value>
                <![CDATA["As a logged-in user, I want to logout from Automation Exercise successfully,"]]>
              </value>
            </param>
            <param index="1">
              <value>
                <![CDATA["Optional[Automation Exercise with logout testing]"]]>
              </value>
            </param>
          </params>
          <reporter-output>
          </reporter-output>
        </test-method> <!-- runScenario -->
        <test-method is-config="true" signature="tearDownClass()[pri:0, instance:com.runner.LoginRunner@6f152006]" started-at="2024-11-01T00:51:06Z" name="tearDownClass" finished-at="2024-11-01T00:51:07Z" duration-ms="1473" status="PASS">
          <reporter-output>
          </reporter-output>
        </test-method> <!-- tearDownClass -->
      </class> <!-- com.runner.LoginRunner -->
    </test> <!-- Test -->
  </suite> <!-- Suite -->
</testng-results>
